<?xml version="1.0" encoding="UTF-8"?>
<!-- Generated by org.testng.reporters.JUnitXMLReporter -->
<testsuite hostname="DESKTOP-KQS8UMH" failures="0" tests="3" name="Groups Test" time="0.095" errors="0" timestamp="19 May 2022 09:55:02 GMT">
  <testcase classname="BasicsMain.ParameterCheck" name="test" time="0.038"/>
  <testcase classname="BasicsMain.ParameterCheck" name="test1" time="0.002"/>
  <testcase classname="BasicsMain.ParameterCheck" name="test3" time="0.002"/>
</testsuite> <!-- Groups Test -->
