<?xml version="1.0" encoding="UTF-8"?>
<!-- Generated by org.testng.reporters.JUnitXMLReporter -->
<testsuite hostname="DESKTOP-KQS8UMH" failures="0" tests="3" name="ModuleOneTest" time="126.429" errors="0" timestamp="18 May 2022 12:58:01 GMT">
  <testcase classname="BasicsMain.TestNGDataProvider" name="dataprovidervalidation" time="34.819"/>
  <testcase classname="BasicsMain.TestNGDataProvider" name="dataprovidervalidation" time="18.873"/>
  <testcase classname="BasicsMain.TestNGDataProvider" name="dataprovidervalidation" time="13.447"/>
</testsuite> <!-- ModuleOneTest -->
