<?xml version="1.0" encoding="UTF-8"?>
<!-- Generated by org.testng.reporters.JUnitXMLReporter -->
<testsuite hostname="DESKTOP-KQS8UMH" failures="0" tests="18" name="ModuleTwoTest" time="0.331" errors="0" timestamp="17 May 2022 07:04:07 GMT">
  <testcase classname="TestNgSample2.ParallelTest4" name="test1" time="0.021"/>
  <testcase classname="TestNgSample2.ParallelTest4" name="test2" time="0.005"/>
  <testcase classname="TestNgSample2.ParallelTest4" name="test3" time="0.01"/>
  <testcase classname="TestNgSample2.ParallelTest4" name="test4" time="0.005"/>
  <testcase classname="TestNgSample2.ParallelTest4" name="test5" time="0.01"/>
  <testcase classname="TestNgSample2.ParallelTest4" name="test6" time="0.012"/>
  <testcase classname="TestNgSample2.ParallelTest5" name="test1" time="0.007"/>
  <testcase classname="TestNgSample2.ParallelTest5" name="test2" time="0.025"/>
  <testcase classname="TestNgSample2.ParallelTest5" name="test3" time="0.013"/>
  <testcase classname="TestNgSample2.ParallelTest5" name="test4" time="0.005"/>
  <testcase classname="TestNgSample2.ParallelTest5" name="test5" time="0.004"/>
  <testcase classname="TestNgSample2.ParallelTest5" name="test6" time="0.004"/>
  <testcase classname="TestNgSample2.ParallelTest6" name="test1" time="0.001"/>
  <testcase classname="TestNgSample2.ParallelTest6" name="test2" time="0.004"/>
  <testcase classname="TestNgSample2.ParallelTest6" name="test3" time="0.005"/>
  <testcase classname="TestNgSample2.ParallelTest6" name="test4" time="0.002"/>
  <testcase classname="TestNgSample2.ParallelTest6" name="test5" time="0.001"/>
  <testcase classname="TestNgSample2.ParallelTest6" name="test6" time="0.001"/>
</testsuite> <!-- ModuleTwoTest -->
