<?xml version="1.0" encoding="UTF-8"?>
<testng-results total="1" passed="1" failed="0" skipped="0">
  <reporter-output>
  </reporter-output>
  <suite started-at="2022-05-26T05:17:40Z" name="Default suite" finished-at="2022-05-26T05:18:02Z" duration-ms="21798">
    <groups>
    </groups>
    <test started-at="2022-05-26T05:17:40Z" name="Default test" finished-at="2022-05-26T05:18:02Z" duration-ms="21798">
      <class name="BasicsMain.LinksTest">
        <test-method signature="test()[pri:0, instance:BasicsMain.LinksTest@5717c37]" started-at="2022-05-26T10:47:40Z" name="test" finished-at="2022-05-26T10:48:02Z" duration-ms="21774" status="PASS">
          <reporter-output>
          </reporter-output>
        </test-method> <!-- test -->
      </class> <!-- BasicsMain.LinksTest -->
    </test> <!-- Default test -->
  </suite> <!-- Default suite -->
</testng-results>
